[12:10:12] [main/INFO]: Environment: authHost='https://authserver.mojang.com', accountsHost='https://api.mojang.com', sessionHost='https://sessionserver.mojang.com', servicesHost='https://api.minecraftservices.com', name='PROD'
[12:10:13] [main/WARN]: Ambiguity between arguments [teleport, destination] and [teleport, targets] with inputs: [Player, 0123, @e, dd12be42-52a9-4a91-a8a1-11c01849e498]
[12:10:13] [main/WARN]: Ambiguity between arguments [teleport, location] and [teleport, destination] with inputs: [0.1 -0.5 .9, 0 0 0]
[12:10:13] [main/WARN]: Ambiguity between arguments [teleport, location] and [teleport, targets] with inputs: [0.1 -0.5 .9, 0 0 0]
[12:10:13] [main/WARN]: Ambiguity between arguments [teleport, targets] and [teleport, destination] with inputs: [Player, 0123, dd12be42-52a9-4a91-a8a1-11c01849e498]
[12:10:13] [main/WARN]: Ambiguity between arguments [teleport, targets, location] and [teleport, targets, destination] with inputs: [0.1 -0.5 .9, 0 0 0]
[12:10:13] [main/INFO]: Reloading ResourceManager: Default
[12:10:15] [Worker-Main-4/INFO]: Loaded 7 recipes
[12:10:15] [Worker-Main-4/INFO]: Loaded 927 advancements
[12:10:17] [Server thread/INFO]: Starting minecraft server version 1.16.4
[12:10:17] [Server thread/INFO]: Loading properties
[12:10:17] [Server thread/INFO]: Default game type: SURVIVAL
[12:10:17] [Server thread/INFO]: Generating keypair
[12:10:17] [Server thread/INFO]: Starting Minecraft server on 192.168.100.21:25565
[12:10:17] [Server thread/INFO]: Using default channel type
[12:10:20] [Server thread/INFO]: Preparing level "world"
[12:10:20] [Server thread/INFO]: Preparing start region for dimension minecraft:overworld
[12:10:22] [Server thread/INFO]: Preparing spawn area: 0%
[12:10:22] [Server thread/INFO]: Preparing spawn area: 0%
[12:10:22] [Server thread/INFO]: Preparing spawn area: 0%
[12:10:22] [Server thread/INFO]: Preparing spawn area: 0%
[12:10:22] [Server thread/INFO]: Preparing spawn area: 0%
[12:10:22] [Server thread/INFO]: Preparing spawn area: 0%
[12:10:23] [Server thread/INFO]: Preparing spawn area: 16%
[12:10:30] [Worker-Main-7/INFO]: Preparing spawn area: 83%
[12:10:30] [Worker-Main-6/INFO]: Preparing spawn area: 83%
[12:10:30] [Worker-Main-6/INFO]: Preparing spawn area: 83%
[12:10:30] [Worker-Main-6/INFO]: Preparing spawn area: 83%
[12:10:30] [Worker-Main-6/INFO]: Preparing spawn area: 83%
[12:10:30] [Worker-Main-6/INFO]: Preparing spawn area: 83%
[12:10:30] [Worker-Main-6/INFO]: Preparing spawn area: 83%
[12:10:30] [Worker-Main-6/INFO]: Preparing spawn area: 83%
[12:10:30] [Worker-Main-6/INFO]: Preparing spawn area: 83%
[12:10:30] [Worker-Main-6/INFO]: Preparing spawn area: 83%
[12:10:30] [Worker-Main-6/INFO]: Preparing spawn area: 83%
[12:10:30] [Worker-Main-6/INFO]: Preparing spawn area: 83%
[12:10:30] [Worker-Main-6/INFO]: Preparing spawn area: 83%
[12:10:30] [Worker-Main-7/INFO]: Preparing spawn area: 83%
[12:10:30] [Worker-Main-6/INFO]: Preparing spawn area: 83%
[12:10:32] [Worker-Main-7/INFO]: Preparing spawn area: 83%
[12:10:32] [Worker-Main-5/INFO]: Preparing spawn area: 83%
[12:10:32] [Worker-Main-7/INFO]: Preparing spawn area: 83%
[12:10:32] [Worker-Main-5/INFO]: Preparing spawn area: 83%
[12:10:33] [Worker-Main-7/INFO]: Preparing spawn area: 83%
[12:10:33] [Worker-Main-5/INFO]: Preparing spawn area: 83%
[12:10:34] [Worker-Main-6/INFO]: Preparing spawn area: 83%
[12:10:34] [Worker-Main-6/INFO]: Preparing spawn area: 83%
[12:10:35] [Worker-Main-6/INFO]: Preparing spawn area: 83%
[12:10:35] [Worker-Main-6/INFO]: Preparing spawn area: 83%
[12:10:36] [Worker-Main-6/INFO]: Preparing spawn area: 83%
[12:10:36] [Worker-Main-6/INFO]: Preparing spawn area: 83%
[12:10:37] [Worker-Main-7/INFO]: Preparing spawn area: 83%
[12:10:37] [Worker-Main-7/INFO]: Preparing spawn area: 84%
[12:10:38] [Worker-Main-5/INFO]: Preparing spawn area: 84%
[12:10:38] [Worker-Main-6/INFO]: Preparing spawn area: 85%
[12:10:39] [Server thread/INFO]: Preparing spawn area: 85%
[12:10:39] [Worker-Main-7/INFO]: Preparing spawn area: 88%
[12:10:40] [Server thread/INFO]: Preparing spawn area: 88%
[12:10:41] [Server thread/INFO]: Preparing spawn area: 96%
[12:10:41] [Server thread/INFO]: Time elapsed: 20916 ms
[12:10:41] [Server thread/INFO]: Done (21.156s)! For help, type "help"
[12:10:45] [Server thread/INFO]: Unknown or incomplete command, see below for error
[12:10:45] [Server thread/INFO]: 	salir<--[HERE]
[12:11:06] [Server thread/INFO]: /advancement (grant|revoke)
[12:11:06] [Server thread/INFO]: /attribute <target> <attribute> (base|get|modifier)
[12:11:06] [Server thread/INFO]: /ban <targets> [<reason>]
[12:11:06] [Server thread/INFO]: /ban-ip <target> [<reason>]
[12:11:06] [Server thread/INFO]: /banlist [ips|players]
[12:11:06] [Server thread/INFO]: /bossbar (add|get|list|remove|set)
[12:11:06] [Server thread/INFO]: /clear [<targets>]
[12:11:06] [Server thread/INFO]: /clone <begin> <end> <destination> [filtered|masked|replace]
[12:11:06] [Server thread/INFO]: /data (get|merge|modify|remove)
[12:11:06] [Server thread/INFO]: /datapack (disable|enable|list)
[12:11:06] [Server thread/INFO]: /debug (report|start|stop)
[12:11:06] [Server thread/INFO]: /defaultgamemode (adventure|creative|spectator|survival)
[12:11:06] [Server thread/INFO]: /deop <targets>
[12:11:06] [Server thread/INFO]: /difficulty [easy|hard|normal|peaceful]
[12:11:06] [Server thread/INFO]: /effect (clear|give)
[12:11:06] [Server thread/INFO]: /enchant <targets> <enchantment> [<level>]
[12:11:06] [Server thread/INFO]: /execute (align|anchored|as|at|facing|if|in|positioned|rotated|run|store|unless)
[12:11:06] [Server thread/INFO]: /experience (add|query|set)
[12:11:06] [Server thread/INFO]: /fill <from> <to> <block> [destroy|hollow|keep|outline|replace]
[12:11:06] [Server thread/INFO]: /forceload (add|query|remove)
[12:11:06] [Server thread/INFO]: /function <name>
[12:11:06] [Server thread/INFO]: /gamemode (adventure|creative|spectator|survival)
[12:11:06] [Server thread/INFO]: /gamerule (announceAdvancements|commandBlockOutput|disableElytraMovementCheck|disableRaids|doDaylightCycle|doEntityDrops|doFireTick|doImmediateRespawn|doInsomnia|doLimitedCrafting|doMobLoot|doMobSpawning|doPatrolSpawning|doTileDrops|doTraderSpawning|doWeatherCycle|drowningDamage|fallDamage|fireDamage|forgiveDeadPlayers|keepInventory|logAdminCommands|maxCommandChainLength|maxEntityCramming|mobGriefing|naturalRegeneration|randomTickSpeed|reducedDebugInfo|sendCommandFeedback|showDeathMessages|spawnRadius|spectatorsGenerateChunks|universalAnger)
[12:11:06] [Server thread/INFO]: /give <targets> <item> [<count>]
[12:11:06] [Server thread/INFO]: /help [<command>]
[12:11:06] [Server thread/INFO]: /kick <targets> [<reason>]
[12:11:06] [Server thread/INFO]: /kill [<targets>]
[12:11:06] [Server thread/INFO]: /list [uuids]
[12:11:06] [Server thread/INFO]: /locate (bastion_remnant|buried_treasure|desert_pyramid|endcity|fortress|igloo|jungle_pyramid|mansion|mineshaft|monument|nether_fossil|ocean_ruin|pillager_outpost|ruined_portal|shipwreck|stronghold|swamp_hut|village)
[12:11:06] [Server thread/INFO]: /locatebiome <biome>
[12:11:06] [Server thread/INFO]: /loot (give|insert|replace|spawn)
[12:11:06] [Server thread/INFO]: /me <action>
[12:11:06] [Server thread/INFO]: /msg <targets> <message>
[12:11:06] [Server thread/INFO]: /op <targets>
[12:11:06] [Server thread/INFO]: /pardon <targets>
[12:11:06] [Server thread/INFO]: /pardon-ip <target>
[12:11:06] [Server thread/INFO]: /particle <name> [<pos>]
[12:11:06] [Server thread/INFO]: /playsound <sound> (ambient|block|hostile|master|music|neutral|player|record|voice|weather)
[12:11:06] [Server thread/INFO]: /recipe (give|take)
[12:11:06] [Server thread/INFO]: /reload
[12:11:06] [Server thread/INFO]: /replaceitem (block|entity)
[12:11:06] [Server thread/INFO]: /save-all [flush]
[12:11:06] [Server thread/INFO]: /save-off
[12:11:06] [Server thread/INFO]: /save-on
[12:11:06] [Server thread/INFO]: /say <message>
[12:11:06] [Server thread/INFO]: /schedule (clear|function)
[12:11:06] [Server thread/INFO]: /scoreboard (objectives|players)
[12:11:06] [Server thread/INFO]: /seed
[12:11:06] [Server thread/INFO]: /setblock <pos> <block> [destroy|keep|replace]
[12:11:06] [Server thread/INFO]: /setidletimeout <minutes>
[12:11:06] [Server thread/INFO]: /setworldspawn [<pos>]
[12:11:06] [Server thread/INFO]: /spawnpoint [<targets>]
[12:11:06] [Server thread/INFO]: /spectate [<target>]
[12:11:06] [Server thread/INFO]: /spreadplayers <center> <spreadDistance> <maxRange> (under|<respectTeams>)
[12:11:06] [Server thread/INFO]: /stop
[12:11:06] [Server thread/INFO]: /stopsound <targets> [*|ambient|block|hostile|master|music|neutral|player|record|voice|weather]
[12:11:06] [Server thread/INFO]: /summon <entity> [<pos>]
[12:11:06] [Server thread/INFO]: /tag <targets> (add|list|remove)
[12:11:06] [Server thread/INFO]: /team (add|empty|join|leave|list|modify|remove)
[12:11:06] [Server thread/INFO]: /teammsg <message>
[12:11:06] [Server thread/INFO]: /teleport (<destination>|<location>|<targets>)
[12:11:06] [Server thread/INFO]: /tell -> msg
[12:11:06] [Server thread/INFO]: /tellraw <targets> <message>
[12:11:06] [Server thread/INFO]: /time (add|query|set)
[12:11:06] [Server thread/INFO]: /title <targets> (actionbar|clear|reset|subtitle|times|title)
[12:11:06] [Server thread/INFO]: /tm -> teammsg
[12:11:06] [Server thread/INFO]: /tp -> teleport
[12:11:06] [Server thread/INFO]: /trigger <objective> [add|set]
[12:11:06] [Server thread/INFO]: /w -> msg
[12:11:06] [Server thread/INFO]: /weather (clear|rain|thunder)
[12:11:06] [Server thread/INFO]: /whitelist (add|list|off|on|reload|remove)
[12:11:06] [Server thread/INFO]: /worldborder (add|center|damage|get|set|warning)
[12:11:06] [Server thread/INFO]: /xp -> experience
[12:11:10] [Server thread/INFO]: Unknown or incomplete command, see below for error
[12:11:10] [Server thread/INFO]: salit<--[HERE]
