[12:59:26] [main/WARN]: Ambiguity between arguments [teleport, destination] and [teleport, targets] with inputs: [Player, 0123, @e, dd12be42-52a9-4a91-a8a1-11c01849e498]
[12:59:26] [main/WARN]: Ambiguity between arguments [teleport, location] and [teleport, destination] with inputs: [0.1 -0.5 .9, 0 0 0]
[12:59:26] [main/WARN]: Ambiguity between arguments [teleport, location] and [teleport, targets] with inputs: [0.1 -0.5 .9, 0 0 0]
[12:59:26] [main/WARN]: Ambiguity between arguments [teleport, targets] and [teleport, destination] with inputs: [Player, 0123, dd12be42-52a9-4a91-a8a1-11c01849e498]
[12:59:26] [main/WARN]: Ambiguity between arguments [teleport, targets, location] and [teleport, targets, destination] with inputs: [0.1 -0.5 .9, 0 0 0]
[12:59:26] [main/INFO]: Reloading ResourceManager: Default
[12:59:27] [Worker-Main-4/INFO]: Loaded 7 recipes
[12:59:28] [Worker-Main-4/INFO]: Loaded 927 advancements
[12:59:30] [Server thread/INFO]: Starting minecraft server version 1.16.4
[12:59:30] [Server thread/INFO]: Loading properties
[12:59:30] [Server thread/INFO]: Default game type: SURVIVAL
[12:59:30] [Server thread/INFO]: Generating keypair
[12:59:31] [Server thread/INFO]: Starting Minecraft server on 192.168.100.21:25565
[12:59:31] [Server thread/INFO]: Using default channel type
[12:59:36] [Server thread/INFO]: Preparing level "world"
[12:59:49] [Server thread/INFO]: Preparing start region for dimension minecraft:overworld
[12:59:51] [Server thread/INFO]: Preparing spawn area: 0%
[12:59:51] [Server thread/INFO]: Preparing spawn area: 0%
[12:59:51] [Server thread/INFO]: Preparing spawn area: 0%
[12:59:51] [Server thread/INFO]: Preparing spawn area: 0%
[12:59:51] [Server thread/INFO]: Preparing spawn area: 0%
[12:59:51] [Server thread/INFO]: Preparing spawn area: 0%
